<?xml version="1.0" encoding="UTF-8"?>
<testsuite name="agh.ics.oop.OptionsParserTest" tests="3" skipped="0" failures="0" errors="0" timestamp="2022-11-29T23:18:22" hostname="LAPTOP-SC094PN8" time="0.014">
  <properties/>
  <testcase name="parseTest()" classname="agh.ics.oop.OptionsParserTest" time="0.011"/>
  <testcase name="exceptionThrow()" classname="agh.ics.oop.OptionsParserTest" time="0.002"/>
  <testcase name="parseTestNullId()" classname="agh.ics.oop.OptionsParserTest" time="0.0"/>
  <system-out><![CDATA[]]></system-out>
  <system-err><![CDATA[]]></system-err>
</testsuite>
