<?xml version="1.0" encoding="UTF-8"?>
<testsuite name="agh.ics.oop.GrassFieldTest" tests="1" skipped="0" failures="0" errors="0" timestamp="2022-11-15T21:08:51" hostname="LAPTOP-SC094PN8" time="0.01">
  <properties/>
  <testcase name="canMoveToTest()" classname="agh.ics.oop.GrassFieldTest" time="0.01"/>
  <system-out><![CDATA[]]></system-out>
  <system-err><![CDATA[]]></system-err>
</testsuite>
