<?xml version="1.0" encoding="UTF-8"?>
<testsuite name="agh.ics.oop.AnimalTest" tests="1" skipped="0" failures="0" errors="0" timestamp="2022-11-20T21:06:13" hostname="LAPTOP-SC094PN8" time="0.018">
  <properties/>
  <testcase name="moveTestOutOfMap()" classname="agh.ics.oop.AnimalTest" time="0.018"/>
  <system-out><![CDATA[ y\x  3
  4: ---
  3: |E|
  2: ---

(3, 3)--->(4, 3)
 y\x  3
  4: ---
  3: |E|
  2: ---

(4, 3)--->(5, 3)
 y\x  3
  4: ---
  3: |E|
  2: ---

 y\x  3
  4: ---
  3: |E|
  2: ---

 y\x  3
  4: ---
  3: |N|
  2: ---

]]></system-out>
  <system-err><![CDATA[]]></system-err>
</testsuite>
