<?xml version="1.0" encoding="UTF-8"?>
<testsuite name="agh.ics.oop.AnimalTest" tests="7" skipped="0" failures="0" errors="0" timestamp="2022-10-23T20:12:19" hostname="LAPTOP-SC094PN8" time="0.021">
  <properties/>
  <testcase name="getOrientationTest()" classname="agh.ics.oop.AnimalTest" time="0.011"/>
  <testcase name="isOutOfFieldTest_BottomAndLeftLimit()" classname="agh.ics.oop.AnimalTest" time="0.001"/>
  <testcase name="isAtTest()" classname="agh.ics.oop.AnimalTest" time="0.0"/>
  <testcase name="moveTest()" classname="agh.ics.oop.AnimalTest" time="0.0"/>
  <testcase name="toStringTest()" classname="agh.ics.oop.AnimalTest" time="0.005"/>
  <testcase name="isOutOfFieldTest_TopAndRightLimit()" classname="agh.ics.oop.AnimalTest" time="0.001"/>
  <testcase name="getPositionTest()" classname="agh.ics.oop.AnimalTest" time="0.0"/>
  <system-out><![CDATA[]]></system-out>
  <system-err><![CDATA[]]></system-err>
</testsuite>
